<?xml version="1.0" encoding="UTF-8"?>
<!-- Generated by org.testng.reporters.JUnitXMLReporter -->
<testsuite ignored="0" hostname="Amruthas-MacBook-Air.local" failures="0" tests="2" name="Default test" time="1.801" errors="0" timestamp="2025-09-21T18:59:00 IST">
  <testcase classname="com.example.tests.CreateUserTest" name="createUser_dataDriven" time="1.255"/>
  <testcase classname="com.example.tests.CreateUserTest" name="createUser_dataDriven" time="0.292"/>
</testsuite> <!-- Default test -->
