<?xml version="1.0" encoding="UTF-8"?>
<!-- Generated by org.testng.reporters.JUnitXMLReporter -->
<testsuite ignored="0" hostname="Amruthas-MacBook-Air.local" failures="0" tests="3" name="Smoke Tests" time="1.786" errors="0" timestamp="2025-09-22T11:11:46 IST">
  <testcase classname="com.example.tests.GetUserTest" name="getSingleUser" time="0.802"/>
  <testcase classname="com.example.tests.CreateUserTest" name="createUser_dataDriven" time="0.405"/>
  <testcase classname="com.example.tests.CreateUserTest" name="createUser_dataDriven" time="0.31"/>
</testsuite> <!-- Smoke Tests -->
