<?xml version="1.0" encoding="UTF-8"?>
<!-- Generated by org.testng.reporters.JUnitXMLReporter -->
<testsuite ignored="0" hostname="Amruthas-MacBook-Air.local" failures="0" tests="3" name="Test" time="1.953" errors="0" timestamp="2025-09-22T11:05:09 IST">
  <testcase classname="com.example.tests.GetUserTest" name="getSingleUser" time="0.793"/>
  <testcase classname="com.example.tests.CreateUserTest" name="createUser_dataDriven" time="0.619"/>
  <testcase classname="com.example.tests.CreateUserTest" name="createUser_dataDriven" time="0.287"/>
</testsuite> <!-- Test -->
