<?xml version="1.0" encoding="UTF-8"?>
<testng-results ignored="0" total="2" passed="2" failed="0" skipped="0">
  <reporter-output>
  </reporter-output>
  <suite started-at="2025-09-20T19:14:17 IST" name="Suite" finished-at="2025-09-20T19:14:18 IST" duration-ms="1496">
    <groups>
    </groups>
    <test started-at="2025-09-20T19:14:17 IST" name="Test" finished-at="2025-09-20T19:14:18 IST" duration-ms="1496">
      <class name="com.example.tests.CreateUserTest">
        <test-method signature="createUser()[pri:0, instance:com.example.tests.CreateUserTest@55182842]" started-at="2025-09-20T19:14:18 IST" name="createUser" finished-at="2025-09-20T19:14:18 IST" duration-ms="529" status="PASS">
          <reporter-output>
          </reporter-output>
        </test-method> <!-- createUser -->
        <test-method is-config="true" signature="setup()[pri:0, instance:com.example.tests.CreateUserTest@55182842]" started-at="2025-09-20T19:14:18 IST" name="setup" finished-at="2025-09-20T19:14:18 IST" duration-ms="0" status="PASS">
          <reporter-output>
          </reporter-output>
        </test-method> <!-- setup -->
      </class> <!-- com.example.tests.CreateUserTest -->
      <class name="com.example.tests.GetUserTest">
        <test-method is-config="true" signature="setup()[pri:0, instance:com.example.tests.GetUserTest@48f2bd5b]" started-at="2025-09-20T19:14:17 IST" name="setup" finished-at="2025-09-20T19:14:17 IST" duration-ms="222" status="PASS">
          <reporter-output>
          </reporter-output>
        </test-method> <!-- setup -->
        <test-method signature="getSingleUser()[pri:0, instance:com.example.tests.GetUserTest@48f2bd5b]" started-at="2025-09-20T19:14:17 IST" name="getSingleUser" finished-at="2025-09-20T19:14:18 IST" duration-ms="731" status="PASS">
          <reporter-output>
          </reporter-output>
        </test-method> <!-- getSingleUser -->
      </class> <!-- com.example.tests.GetUserTest -->
    </test> <!-- Test -->
  </suite> <!-- Suite -->
</testng-results>
