<?xml version="1.0" encoding="UTF-8"?>
<testng-results ignored="0" total="3" passed="3" failed="0" skipped="0">
  <reporter-output>
  </reporter-output>
  <suite started-at="2025-09-22T11:11:44 IST" name="Suite" finished-at="2025-09-22T11:11:46 IST" duration-ms="1786">
    <groups>
      <group name="smoke">
        <method signature="CreateUserTest.createUser_dataDriven(java.lang.String,java.lang.String)[pri:0, instance:com.example.tests.CreateUserTest@639c2c1d]" name="createUser_dataDriven" class="com.example.tests.CreateUserTest"/>
      </group> <!-- smoke -->
    </groups>
    <test started-at="2025-09-22T11:11:44 IST" name="Smoke Tests" finished-at="2025-09-22T11:11:46 IST" duration-ms="1786">
      <class name="com.example.tests.CreateUserTest">
        <test-method is-config="true" signature="setup()[pri:0, instance:com.example.tests.CreateUserTest@639c2c1d]" started-at="2025-09-22T11:11:45 IST" name="setup" finished-at="2025-09-22T11:11:45 IST" duration-ms="0" status="PASS">
          <reporter-output>
          </reporter-output>
        </test-method> <!-- setup -->
        <test-method signature="createUser_dataDriven(java.lang.String,java.lang.String)[pri:0, instance:com.example.tests.CreateUserTest@639c2c1d]" started-at="2025-09-22T11:11:45 IST" name="createUser_dataDriven" data-provider="createUserData" finished-at="2025-09-22T11:11:46 IST" duration-ms="405" status="PASS">
          <params>
            <param index="0">
              <value>
                <![CDATA[morpheus]]>
              </value>
            </param>
            <param index="1">
              <value>
                <![CDATA[leader]]>
              </value>
            </param>
          </params>
          <reporter-output>
          </reporter-output>
        </test-method> <!-- createUser_dataDriven -->
        <test-method signature="createUser_dataDriven(java.lang.String,java.lang.String)[pri:0, instance:com.example.tests.CreateUserTest@639c2c1d]" started-at="2025-09-22T11:11:46 IST" name="createUser_dataDriven" data-provider="createUserData" finished-at="2025-09-22T11:11:46 IST" duration-ms="310" status="PASS">
          <params>
            <param index="0">
              <value>
                <![CDATA[neo]]>
              </value>
            </param>
            <param index="1">
              <value>
                <![CDATA[the one]]>
              </value>
            </param>
          </params>
          <reporter-output>
          </reporter-output>
        </test-method> <!-- createUser_dataDriven -->
      </class> <!-- com.example.tests.CreateUserTest -->
      <class name="com.example.tests.GetUserTest">
        <test-method is-config="true" signature="setup()[pri:0, instance:com.example.tests.GetUserTest@78691363]" started-at="2025-09-22T11:11:44 IST" name="setup" finished-at="2025-09-22T11:11:44 IST" duration-ms="248" status="PASS">
          <reporter-output>
          </reporter-output>
        </test-method> <!-- setup -->
        <test-method signature="getSingleUser()[pri:0, instance:com.example.tests.GetUserTest@78691363]" started-at="2025-09-22T11:11:44 IST" name="getSingleUser" finished-at="2025-09-22T11:11:45 IST" duration-ms="802" status="PASS">
          <reporter-output>
          </reporter-output>
        </test-method> <!-- getSingleUser -->
      </class> <!-- com.example.tests.GetUserTest -->
    </test> <!-- Smoke Tests -->
  </suite> <!-- Suite -->
</testng-results>
